<?xml version="1.0" encoding="UTF-8"?>
<testng-results ignored="0" total="1" passed="1" failed="0" skipped="0">
  <reporter-output>
  </reporter-output>
  <suite started-at="2021-12-16T20:41:38 IST" name="Default suite" finished-at="2021-12-16T20:41:49 IST" duration-ms="11189">
    <groups>
    </groups>
    <test started-at="2021-12-16T20:41:38 IST" name="Default test" finished-at="2021-12-16T20:41:49 IST" duration-ms="11189">
      <class name="project.TestTest">
        <test-method is-config="true" signature="launchBrowser()[pri:0, instance:project.TestTest@3d5c822d]" started-at="2021-12-16T20:41:38 IST" name="launchBrowser" finished-at="2021-12-16T20:41:42 IST" duration-ms="4008" status="PASS">
          <reporter-output>
          </reporter-output>
        </test-method> <!-- launchBrowser -->
        <test-method signature="register()[pri:0, instance:project.TestTest@3d5c822d]" started-at="2021-12-16T20:41:42 IST" name="register" finished-at="2021-12-16T20:41:45 IST" duration-ms="2978" status="PASS">
          <reporter-output>
          </reporter-output>
        </test-method> <!-- register -->
        <test-method is-config="true" signature="terminateBrowser()[pri:0, instance:project.TestTest@3d5c822d]" started-at="2021-12-16T20:41:45 IST" name="terminateBrowser" finished-at="2021-12-16T20:41:49 IST" duration-ms="4165" status="PASS">
          <reporter-output>
          </reporter-output>
        </test-method> <!-- terminateBrowser -->
      </class> <!-- project.TestTest -->
    </test> <!-- Default test -->
  </suite> <!-- Default suite -->
</testng-results>
